2019-09-29 14:34:12,751 Instabot Started
2019-09-29 14:34:14,571 Received 4 medias.
2019-09-29 14:34:14,572 After filtration 0 medias left.
2019-09-29 14:34:14,572 Nothing to downloads.
2019-09-29 14:34:46,084 Received 4 medias.
2019-09-29 14:34:46,084 After filtration 0 medias left.
2019-09-29 14:34:46,085 Nothing to downloads.
2019-09-29 14:35:18,174 Received 4 medias.
2019-09-29 14:35:18,174 After filtration 0 medias left.
2019-09-29 14:35:18,175 Nothing to downloads.
2019-09-29 14:35:49,645 Received 4 medias.
2019-09-29 14:35:49,646 After filtration 0 medias left.
2019-09-29 14:35:49,647 Nothing to downloads.
2019-09-29 14:36:21,250 Received 4 medias.
2019-09-29 14:36:21,250 After filtration 0 medias left.
2019-09-29 14:36:21,251 Nothing to downloads.
2019-09-29 14:36:53,063 Received 4 medias.
2019-09-29 14:36:53,064 After filtration 0 medias left.
2019-09-29 14:36:53,065 Nothing to downloads.
2019-09-29 14:37:24,725 Received 4 medias.
2019-09-29 14:37:24,726 After filtration 0 medias left.
2019-09-29 14:37:24,727 Nothing to downloads.
2019-09-29 14:37:56,611 Received 4 medias.
2019-09-29 14:37:56,611 After filtration 0 medias left.
2019-09-29 14:37:56,612 Nothing to downloads.
2019-09-29 14:38:28,354 Received 4 medias.
2019-09-29 14:38:28,355 After filtration 0 medias left.
2019-09-29 14:38:28,355 Nothing to downloads.
2019-09-29 14:38:49,435 Total requests: 42
